{
  "RSpec": {
    "coverage": {
      "/Users/slaimanahmadshah/Projects/oystercard/spec/oystercard_spec.rb": [
        1,
        null,
        1,
        10,
        5,
        null,
        1,
        1,
        1,
        null,
        null,
        null,
        1,
        1,
        4,
        null,
        null,
        1,
        1,
        2,
        null,
        null,
        null,
        1,
        1,
        3,
        null,
        null,
        1,
        1,
        4,
        null,
        null,
        1,
        1,
        1,
        null,
        null,
        1,
        1,
        1,
        1,
        null,
        null,
        null,
        1,
        1,
        1,
        2,
        null,
        null,
        null,
        1,
        1,
        1,
        1,
        1,
        null,
        null,
        1,
        1,
        1,
        null,
        null,
        null
      ],
      "/Users/slaimanahmadshah/Projects/oystercard/lib/oystercard.rb": [
        1,
        1,
        1,
        1,
        null,
        1,
        null,
        1,
        9,
        9,
        null,
        null,
        1,
        7,
        6,
        null,
        null,
        1,
        4,
        3,
        null,
        null,
        1,
        3,
        3,
        null,
        null,
        1,
        2,
        null,
        null,
        1,
        null,
        1,
        3,
        null,
        null
      ]
    },
    "timestamp": 1492450872
  }
}
